/dev/ttyS1
/dev/watchdog
/dev/mmcblk0
/dev/mmcblk0p2
/sys/class/hwmon/hwmon0/temp1_input
/sys/devices/system/clocksource/clocksource0/available_clocksource
/dev/i2c-1
/dev/mtd1
/dev/mtd9
/dev/ubi_ctrl
/sys/class/leds/pl_gpio13/trigger
/sys/class/leds/pl_gpio13/brightness
/sys/class/leds/pl_gpio14/trigger
/sys/class/leds/pl_gpio14/brightness
/sys/class/leds/pl_gpio17/trigger
/sys/class/leds/pl_gpio17/brightness
/sys/class/leds/pl_gpio18/trigger
/sys/class/leds/pl_gpio18/brightness
/sys/kernel/debug/clk/clk_summary
/sys/kernel/rzn1/clk_set_rate
/sys/bus/i2c/devices/1-0050/eeprom
